<?xml version="1.0" encoding="UTF-8"?>
<!-- Generated by org.testng.reporters.JUnitReportReporter -->
<testsuite hostname="DESKTOP-F3GJ7JN" failures="0" tests="1" name="TestNgDemo" time="1.274" errors="0" timestamp="2022-05-04T22:21:50 CDT" skipped="0">
  <testcase classname="TestNgDemo" name="googleSearch" time="1.274"/>
  <system-out/>
</testsuite> <!-- TestNgDemo -->
