<?xml version="1.0" encoding="UTF-8"?>
<!-- Generated by org.testng.reporters.JUnitReportReporter -->
<testsuite hostname="DESKTOP-F3GJ7JN" failures="0" tests="1" name="practice.TestNgIgnore" time="0.104" errors="0" timestamp="2022-05-09T13:44:26 CDT" skipped="0">
  <testcase classname="practice.TestNgIgnore" name="test2" time="0.104"/>
  <system-out/>
</testsuite> <!-- practice.TestNgIgnore -->
