<?xml version="1.0" encoding="UTF-8"?>
<!-- Generated by org.testng.reporters.JUnitReportReporter -->
<testsuite hostname="DESKTOP-F3GJ7JN" failures="0" tests="3" name="practice.TestNgDependencyGroups" time="0.121" errors="0" timestamp="2022-05-09T13:41:03 CDT" skipped="0">
  <testcase classname="practice.TestNgDependencyGroups" name="test1" time="0.012"/>
  <system-out/>
  <testcase classname="practice.TestNgDependencyGroups" name="test3" time="0.015"/>
  <system-out/>
  <testcase classname="practice.TestNgDependencyGroups" name="test2" time="0.094"/>
  <system-out/>
</testsuite> <!-- practice.TestNgDependencyGroups -->
