<?xml version="1.0" encoding="UTF-8"?>
<!-- Generated by org.testng.reporters.JUnitReportReporter -->
<testsuite hostname="DESKTOP-F3GJ7JN" failures="0" tests="1" name="browser.TestngMultiBrowser" time="0.052" errors="0" timestamp="2022-05-06T15:08:52 CDT" skipped="0">
  <testcase classname="browser.TestngMultiBrowser" name="test" time="0.052"/>
  <system-out/>
</testsuite> <!-- browser.TestngMultiBrowser -->
