<?xml version="1.0" encoding="UTF-8"?>
<!-- Generated by org.testng.reporters.JUnitReportReporter -->
<testsuite hostname="DESKTOP-F3GJ7JN" failures="0" tests="5" name="groups.TestngGroupsDemo" time="0.136" errors="0" timestamp="2022-05-06T16:55:45 CDT" skipped="0">
  <testcase classname="groups.TestngGroupsDemo" name="test7" time="0.014"/>
  <system-out/>
  <testcase classname="groups.TestngGroupsDemo" name="test6" time="0.009"/>
  <system-out/>
  <testcase classname="groups.TestngGroupsDemo" name="test9" time="0.009"/>
  <system-out/>
  <testcase classname="groups.TestngGroupsDemo" name="test10" time="0.097"/>
  <system-out/>
  <testcase classname="groups.TestngGroupsDemo" name="test8" time="0.007"/>
  <system-out/>
</testsuite> <!-- groups.TestngGroupsDemo -->
