<?xml version="1.0" encoding="UTF-8"?>
<!-- Generated by org.testng.reporters.JUnitReportReporter -->
<testsuite hostname="DESKTOP-F3GJ7JN" failures="0" tests="1" name="ExtentReprtTestNg" time="0.160" errors="0" timestamp="2022-05-04T23:41:52 CDT" skipped="0">
  <testcase classname="ExtentReprtTestNg" name="test1" time="0.160"/>
  <system-out/>
</testsuite> <!-- ExtentReprtTestNg -->
