<?xml version="1.0" encoding="UTF-8"?>
<!-- Generated by org.testng.reporters.JUnitReportReporter -->
<testsuite hostname="DESKTOP-F3GJ7JN" failures="0" tests="5" name="listners.TestNGListnerDemo2" time="0.036" errors="0" timestamp="2022-05-06T14:09:39 CDT" skipped="1">
  <testcase classname="listners.TestNGListnerDemo2" name="test10" time="0.010"/>
  <system-out/>
  <testcase classname="listners.TestNGListnerDemo2" name="test6" time="0.007"/>
  <system-out/>
  <testcase classname="listners.TestNGListnerDemo2" name="test7" time="0.007"/>
  <system-out/>
  <testcase classname="listners.TestNGListnerDemo2" name="test8" time="0.006">
    <skipped/>
  </testcase> <!-- test8 -->
  <system-out/>
  <testcase classname="listners.TestNGListnerDemo2" name="test9" time="0.006"/>
  <system-out/>
</testsuite> <!-- listners.TestNGListnerDemo2 -->
