<?xml version="1.0" encoding="UTF-8"?>
<!-- Generated by org.testng.reporters.JUnitReportReporter -->
<testsuite hostname="DESKTOP-F3GJ7JN" failures="0" tests="3" name="practice.ExcelDataProvider" time="15.947" errors="0" timestamp="2022-05-06T09:36:55 CDT" skipped="0">
  <testcase classname="practice.ExcelDataProvider" name="test" time="4.174"/>
  <system-out/>
  <testcase classname="practice.ExcelDataProvider" name="test" time="7.737"/>
  <system-out/>
  <testcase classname="practice.ExcelDataProvider" name="test" time="4.036"/>
  <system-out/>
</testsuite> <!-- practice.ExcelDataProvider -->
