<?xml version="1.0" encoding="UTF-8"?>
<!-- Generated by org.testng.reporters.JUnitReportReporter -->
<testsuite hostname="DESKTOP-F3GJ7JN" failures="0" tests="5" name="priority.TestngPriority" time="0.223" errors="0" timestamp="2022-05-06T14:50:49 CDT" skipped="0">
  <testcase classname="priority.TestngPriority" name="e_method" time="0.176"/>
  <system-out/>
  <testcase classname="priority.TestngPriority" name="d_method" time="0.008"/>
  <system-out/>
  <testcase classname="priority.TestngPriority" name="b_method" time="0.012"/>
  <system-out/>
  <testcase classname="priority.TestngPriority" name="a_method" time="0.015"/>
  <system-out/>
  <testcase classname="priority.TestngPriority" name="c_method" time="0.012"/>
  <system-out/>
</testsuite> <!-- priority.TestngPriority -->
