<?xml version="1.0" encoding="UTF-8"?>
<!-- Generated by org.testng.reporters.JUnitReportReporter -->
<testsuite hostname="DESKTOP-F3GJ7JN" failures="0" tests="1" name="testngparameters.TestParameters" time="0.110" errors="0" timestamp="2022-05-09T13:19:44 CDT" skipped="0">
  <testcase classname="testngparameters.TestParameters" name="test" time="0.110"/>
  <system-out/>
</testsuite> <!-- testngparameters.TestParameters -->
