<?xml version="1.0" encoding="UTF-8"?>
<!-- Generated by org.testng.reporters.JUnitReportReporter -->
<testsuite hostname="DESKTOP-F3GJ7JN" failures="0" tests="3" name="practice.TestNgDependencyDemo" time="0.104" errors="0" timestamp="2022-05-09T13:31:44 CDT" skipped="0">
  <testcase classname="practice.TestNgDependencyDemo" name="test3" time="0.012"/>
  <system-out/>
  <testcase classname="practice.TestNgDependencyDemo" name="test2" time="0.085"/>
  <system-out/>
  <testcase classname="practice.TestNgDependencyDemo" name="test1" time="0.007"/>
  <system-out/>
</testsuite> <!-- practice.TestNgDependencyDemo -->
